<?xml version="1.0" encoding="UTF-8"?>
<!-- Generated by org.testng.reporters.JUnitXMLReporter -->
<testsuite ignored="0" hostname="L-357009218" failures="0" tests="4" name="Default test" time="0.133" errors="0" timestamp="2023-05-12T11:21:58 IST">
  <testcase classname="IncludeExcludeGroups.IncludeExcludeDemo" name="test_case1" time="0.026"/>
  <testcase classname="IncludeExcludeGroups.IncludeExcludeDemo" name="test_case2" time="0.002"/>
  <testcase classname="IncludeExcludeGroups.IncludeExcludeDemo" name="test_case3" time="0.003"/>
  <testcase classname="IncludeExcludeGroups.IncludeExcludeDemo" name="test_case4" time="0.006"/>
</testsuite> <!-- Default test -->
